2020-10-05 17:36:06 +0000 [MT] Initial pipeline context: <IDEDistributionProcessingPipelineContext: 0x7fa4fe23f480; archive(resolved)='<IDEArchive: 0x7fa4fdbaf5a0>', distributionTask(resolved)='2', distributionDestination(resolved)='1', distributionMethod(resolved)='<IDEDistributionMethodDevelopmentSigned: 0x7fa4f8f23660>', team(resolved)='<IDEProvisioningBasicTeam: 0x7fa4fde29b90; teamID='FM4Q45UXC3', teamName='Helina Atsebha'>'>
	Chain (13, self inclusive):
	<IDEDistributionProcessingPipelineContext: 0x7fa4fe23f480; archive = '<IDEArchive: 0x7fa4fdbaf5a0>', distributionMethod='<IDEDistributionMethodDevelopmentSigned: 0x7fa4f8f23660>', team='<IDEProvisioningBasicTeam: 0x7fa4fde29b90; teamID='FM4Q45UXC3', teamName='Helina Atsebha'>'>
	<IDEDistributionProcessingPipelineContext: 0x7fa4fe2406a0; archive = '<IDEArchive: 0x7fa4fdbaf5a0>', distributionMethod='<IDEDistributionMethodDevelopmentSigned: 0x7fa4f8f23660>', team='<IDEProvisioningBasicTeam: 0x7fa4fde29b90; teamID='FM4Q45UXC3', teamName='Helina Atsebha'>'>
	<IDEDistributionContext: 0x7fa4fe23ad80; archive = '<IDEArchive: 0x7fa4fdbaf5a0>', distributionMethod='<IDEDistributionMethodDevelopmentSigned: 0x7fa4f8f23660>', team='<IDEProvisioningBasicTeam: 0x7fa4fde29b90; teamID='FM4Q45UXC3', teamName='Helina Atsebha'>'>
	<IDEDistributionContext: 0x7fa4fdddbfa0; archive = '<IDEArchive: 0x7fa4fdbaf5a0>', distributionMethod='<IDEDistributionMethodDevelopmentSigned: 0x7fa4f8f23660>', team='<IDEProvisioningBasicTeam: 0x7fa4fde29b90; teamID='FM4Q45UXC3', teamName='Helina Atsebha'>'>
	<IDEDistributionContext: 0x7fa4fe234a30; archive = '<IDEArchive: 0x7fa4fdbaf5a0>', distributionMethod='<IDEDistributionMethodDevelopmentSigned: 0x7fa4f8f23660>', team='<IDEProvisioningBasicTeam: 0x7fa4fde29b90; teamID='FM4Q45UXC3', teamName='Helina Atsebha'>'>
	<IDEDistributionContext: 0x7fa4fddda5a0; archive = '<IDEArchive: 0x7fa4fdbaf5a0>', distributionMethod='<IDEDistributionMethodDevelopmentSigned: 0x7fa4f8f23660>', team='<IDEProvisioningBasicTeam: 0x7fa4fde29b90; teamID='FM4Q45UXC3', teamName='Helina Atsebha'>'>
	<IDEDistributionContext: 0x7fa4fddd8480; archive = '<IDEArchive: 0x7fa4fdbaf5a0>', distributionMethod='<IDEDistributionMethodDevelopmentSigned: 0x7fa4f8f23660>', team='<IDEProvisioningBasicTeam: 0x7fa4fde29b90; teamID='FM4Q45UXC3', teamName='Helina Atsebha'>'>
	<IDEDistributionContext: 0x7fa4fddd6440; archive = '<IDEArchive: 0x7fa4fdbaf5a0>', distributionMethod='<IDEDistributionMethodDevelopmentSigned: 0x7fa4f8f23660>', team='<IDEProvisioningBasicTeam: 0x7fa4fde29b90; teamID='FM4Q45UXC3', teamName='Helina Atsebha'>'>
	<IDEDistributionContext: 0x7fa4f8c071a0; archive = '<IDEArchive: 0x7fa4fdbaf5a0>', distributionMethod='<IDEDistributionMethodDevelopmentSigned: 0x7fa4f8f23660>', team='<IDEProvisioningBasicTeam: 0x7fa4fde29b90; teamID='FM4Q45UXC3', teamName='Helina Atsebha'>'>
	<IDEDistributionContext: 0x7fa4fd81e8b0; archive = '<IDEArchive: 0x7fa4fdbaf5a0>', distributionMethod='<IDEDistributionMethodDevelopmentSigned: 0x7fa4f8f23660>', team='(null)'>
	<IDEDistributionContext: 0x7fa4f8c06510; archive = '<IDEArchive: 0x7fa4fdbaf5a0>', distributionMethod='<IDEDistributionMethodDevelopmentSigned: 0x7fa4f8f23660>', team='(null)'>
	<IDEDistributionContext: 0x7fa4fdd793c0; archive = '<IDEArchive: 0x7fa4fdbaf5a0>', distributionMethod='<IDEDistributionMethodDevelopmentSigned: 0x7fa4f8f23660>', team='(null)'>
	<IDEDistributionContext: 0x7fa4fdbafbc0; archive = '<IDEArchive: 0x7fa4fdbaf5a0>', distributionMethod='(null)', team='(null)'>
</IDEDistributionProcessingPipelineContext: 0x7fa4fe23f480>
2020-10-05 17:36:06 +0000 [MT] Processing step: IDEDistributionCreateDestRootStep
2020-10-05 17:36:06 +0000 [MT] Processing step: IDEDistributionCopyItemStep
2020-10-05 17:36:06 +0000 [MT] Running /usr/bin/ditto '-V' '/Users/helinaa/Documents/App/hfa/HabeshaFood/platforms/ios/HabeshaFood.xcarchive/Products/Applications/HabeshaFood.app' '/var/folders/3h/fnlpfgqx1qz76120vmkppcdh0000gn/T/XcodeDistPipeline.~~~aXRi2a/Root/Payload/HabeshaFood.app'
2020-10-05 17:36:06 +0000  >>> Copying /Users/helinaa/Documents/App/hfa/HabeshaFood/platforms/ios/HabeshaFood.xcarchive/Products/Applications/HabeshaFood.app 
2020-10-05 17:36:06 +0000  copying file ./_CodeSignature/CodeResources ... 
2020-10-05 17:36:06 +0000  38385 bytes for ./_CodeSignature/CodeResources
2020-10-05 17:36:06 +0000  copying file ./MainViewController.nib ... 
2020-10-05 17:36:06 +0000  980 bytes for ./MainViewController.nib
copying file ./AppIcon60x60@2x.png ... 
2020-10-05 17:36:06 +0000  16160 bytes for ./AppIcon60x60@2x.png
2020-10-05 17:36:06 +0000  copying file ./config.xml ... 
2020-10-05 17:36:06 +0000  5320 bytes for ./config.xml
2020-10-05 17:36:06 +0000  copying file ./www/index.html ... 
2020-10-05 17:36:06 +0000  954 bytes for ./www/index.html
2020-10-05 17:36:06 +0000  copying file ./www/cordova.js ... 
2020-10-05 17:36:06 +0000  66883 bytes for ./www/cordova.js
2020-10-05 17:36:06 +0000  copying file ./www/css/ionic.app.min.css ... 
2020-10-05 17:36:06 +0000  202755 bytes for ./www/css/ionic.app.min.css
2020-10-05 17:36:06 +0000  copying file ./www/css/style.css ... 
2020-10-05 17:36:06 +0000  2052 bytes for ./www/css/style.css
2020-10-05 17:36:06 +0000  copying file ./www/css/ionic.app.css ... 
2020-10-05 17:36:06 +0000  253170 bytes for ./www/css/ionic.app.css
2020-10-05 17:36:06 +0000  copying file ./www/plugins/es6-promise-plugin/www/promise.js ... 
2020-10-05 17:36:06 +0000  9479 bytes for ./www/plugins/es6-promise-plugin/www/promise.js
2020-10-05 17:36:06 +0000  copying file ./www/plugins/cordova-plugin-ionic-webview/src/www/util.js ... 
2020-10-05 17:36:06 +0000  968 bytes for ./www/plugins/cordova-plugin-ionic-webview/src/www/util.js
2020-10-05 17:36:06 +0000  copying file ./www/plugins/cordova-plugin-ionic-webview/src/www/ios/ios-wkwebview-exec.js ... 
2020-10-05 17:36:06 +0000  6179 bytes for ./www/plugins/cordova-plugin-ionic-webview/src/www/ios/ios-wkwebview-exec.js
2020-10-05 17:36:06 +0000  copying file ./www/plugins/cordova-plugin-device/www/device.js ... 
2020-10-05 17:36:06 +0000  3070 bytes for ./www/plugins/cordova-plugin-device/www/device.js
2020-10-05 17:36:06 +0000  copying file ./www/plugins/cordova-plugin-statusbar/www/statusbar.js ... 
2020-10-05 17:36:06 +0000  3489 bytes for ./www/plugins/cordova-plugin-statusbar/www/statusbar.js
2020-10-05 17:36:06 +0000  copying file ./www/plugins/cordova-plugin-ionic-keyboard/www/ios/keyboard.js ... 
2020-10-05 17:36:06 +0000  3287 bytes for ./www/plugins/cordova-plugin-ionic-keyboard/www/ios/keyboard.js
2020-10-05 17:36:06 +0000  copying file ./www/plugins/cordova-plugin-x-socialsharing/www/SocialSharing.js ... 
2020-10-05 17:36:06 +0000  8026 bytes for ./www/plugins/cordova-plugin-x-socialsharing/www/SocialSharing.js
2020-10-05 17:36:06 +0000  copying file ./www/js/controllers.js ... 
2020-10-05 17:36:06 +0000  5971 bytes for ./www/js/controllers.js
2020-10-05 17:36:06 +0000  copying file ./www/js/app.js ... 
2020-10-05 17:36:06 +0000  2204 bytes for ./www/js/app.js
2020-10-05 17:36:06 +0000  copying file ./www/icon-40.png ... 
2020-10-05 17:36:06 +0000  21248 bytes for ./www/icon-40.png
2020-10-05 17:36:06 +0000  copying file ./www/cordova-js-src/exec.js ... 
2020-10-05 17:36:06 +0000  5402 bytes for ./www/cordova-js-src/exec.js
2020-10-05 17:36:06 +0000  copying file ./www/cordova-js-src/plugin/ios/wkwebkit.js ... 
2020-10-05 17:36:06 +0000  1454 bytes for ./www/cordova-js-src/plugin/ios/wkwebkit.js
2020-10-05 17:36:06 +0000  copying file ./www/cordova-js-src/plugin/ios/logger.js ... 
2020-10-05 17:36:06 +0000  10180 bytes for ./www/cordova-js-src/plugin/ios/logger.js
2020-10-05 17:36:06 +0000  copying file ./www/cordova-js-src/plugin/ios/console.js ... 
2020-10-05 17:36:06 +0000  6873 bytes for ./www/cordova-js-src/plugin/ios/console.js
2020-10-05 17:36:06 +0000  copying file ./www/cordova-js-src/plugin/ios/launchscreen.js ... 
2020-10-05 17:36:06 +0000  1076 bytes for ./www/cordova-js-src/plugin/ios/launchscreen.js
2020-10-05 17:36:06 +0000  copying file ./www/cordova-js-src/platform.js ... 
2020-10-05 17:36:06 +0000  1627 bytes for ./www/cordova-js-src/platform.js
2020-10-05 17:36:06 +0000  copying file ./www/manifest.json ... 
2020-10-05 17:36:06 +0000  207 bytes for ./www/manifest.json
2020-10-05 17:36:06 +0000  copying file ./www/lib/ionic/version.json ... 
2020-10-05 17:36:06 +0000  96 bytes for ./www/lib/ionic/version.json
2020-10-05 17:36:06 +0000  copying file ./www/lib/ionic/css/ionic.css ... 
2020-10-05 17:36:06 +0000  252620 bytes for ./www/lib/ionic/css/ionic.css
copying file ./www/lib/ionic/css/ionic.min.css ... 
2020-10-05 17:36:06 +0000  200034 bytes for ./www/lib/ionic/css/ionic.min.css
2020-10-05 17:36:06 +0000  copying file ./www/lib/ionic/js/ionic-angular.min.js ... 
2020-10-05 17:36:06 +0000  125593 bytes for ./www/lib/ionic/js/ionic-angular.min.js
copying file ./www/lib/ionic/js/ionic.js ... 
2020-10-05 17:36:06 +0000  471616 bytes for ./www/lib/ionic/js/ionic.js
2020-10-05 17:36:06 +0000  copying file ./www/lib/ionic/js/angular/angular.min.js ... 
2020-10-05 17:36:06 +0000  155877 bytes for ./www/lib/ionic/js/angular/angular.min.js
2020-10-05 17:36:06 +0000  copying file ./www/lib/ionic/js/angular/angular-sanitize.js ... 
2020-10-05 17:36:06 +0000  25655 bytes for ./www/lib/ionic/js/angular/angular-sanitize.js
2020-10-05 17:36:06 +0000  copying file ./www/lib/ionic/js/angular/angular.js ... 
2020-10-05 17:36:06 +0000  1141759 bytes for ./www/lib/ionic/js/angular/angular.js
2020-10-05 17:36:06 +0000  copying file ./www/lib/ionic/js/angular/angular-sanitize.min.js ... 
2020-10-05 17:36:06 +0000  5828 bytes for ./www/lib/ionic/js/angular/angular-sanitize.min.js
2020-10-05 17:36:06 +0000  copying file ./www/lib/ionic/js/angular/angular-animate.js ... 
2020-10-05 17:36:06 +0000  149421 bytes for ./www/lib/ionic/js/angular/angular-animate.js
2020-10-05 17:36:06 +0000  copying file ./www/lib/ionic/js/angular/angular-resource.js ... 
2020-10-05 17:36:06 +0000  31396 bytes for ./www/lib/ionic/js/angular/angular-resource.js
2020-10-05 17:36:06 +0000  copying file ./www/lib/ionic/js/angular/angular-resource.min.js ... 
2020-10-05 17:36:06 +0000  4486 bytes for ./www/lib/ionic/js/angular/angular-resource.min.js
2020-10-05 17:36:06 +0000  copying file ./www/lib/ionic/js/angular/angular-animate.min.js ... 
2020-10-05 17:36:06 +0000  25367 bytes for ./www/lib/ionic/js/angular/angular-animate.min.js
2020-10-05 17:36:06 +0000  copying file ./www/lib/ionic/js/angular-ui/angular-ui-router.js ... 
2020-10-05 17:36:06 +0000  156740 bytes for ./www/lib/ionic/js/angular-ui/angular-ui-router.js
2020-10-05 17:36:06 +0000  copying file ./www/lib/ionic/js/angular-ui/angular-ui-router.min.js ... 
2020-10-05 17:36:06 +0000  28684 bytes for ./www/lib/ionic/js/angular-ui/angular-ui-router.min.js
2020-10-05 17:36:06 +0000  copying file ./www/lib/ionic/js/ionic.bundle.js ... 
2020-10-05 17:36:06 +0000  2406537 bytes for ./www/lib/ionic/js/ionic.bundle.js
2020-10-05 17:36:06 +0000  copying file ./www/lib/ionic/js/ionic-angular.js ... 
2020-10-05 17:36:06 +0000  460345 bytes for ./www/lib/ionic/js/ionic-angular.js
2020-10-05 17:36:06 +0000  copying file ./www/lib/ionic/js/ionic.bundle.min.js ... 
2020-10-05 17:36:06 +0000  509556 bytes for ./www/lib/ionic/js/ionic.bundle.min.js
2020-10-05 17:36:06 +0000  copying file ./www/lib/ionic/js/ionic.min.js ... 
2020-10-05 17:36:06 +0000  167206 bytes for ./www/lib/ionic/js/ionic.min.js
2020-10-05 17:36:06 +0000  copying file ./www/lib/ionic/scss/_select.scss ... 
2020-10-05 17:36:06 +0000  2580 bytes for ./www/lib/ionic/scss/_select.scss
2020-10-05 17:36:06 +0000  copying file ./www/lib/ionic/scss/_button-bar.scss ... 
2020-10-05 17:36:06 +0000  1666 bytes for ./www/lib/ionic/scss/_button-bar.scss
2020-10-05 17:36:06 +0000  copying file ./www/lib/ionic/scss/_variables.scss ... 
2020-10-05 17:36:06 +0000  31913 bytes for ./www/lib/ionic/scss/_variables.scss
2020-10-05 17:36:06 +0000  copying file ./www/lib/ionic/scss/_progress.scss ... 
2020-10-05 17:36:06 +0000  161 bytes for ./www/lib/ionic/scss/_progress.scss
2020-10-05 17:36:06 +0000  copying file ./www/lib/ionic/scss/_toggle.scss ... 
2020-10-05 17:36:06 +0000  5101 bytes for ./www/lib/ionic/scss/_toggle.scss
2020-10-05 17:36:06 +0000  copying file ./www/lib/ionic/scss/_bar.scss ... 
2020-10-05 17:36:06 +0000  9986 bytes for ./www/lib/ionic/scss/_bar.scss
2020-10-05 17:36:06 +0000  copying file ./www/lib/ionic/scss/_checkbox.scss ... 
2020-10-05 17:36:06 +0000  4721 bytes for ./www/lib/ionic/scss/_checkbox.scss
2020-10-05 17:36:06 +0000  copying file ./www/lib/ionic/scss/_reset.scss ... 
2020-10-05 17:36:06 +0000  6919 bytes for ./www/lib/ionic/scss/_reset.scss
2020-10-05 17:36:06 +0000  copying file ./www/lib/ionic/scss/_popover.scss ... 
2020-10-05 17:36:06 +0000  3042 bytes for ./www/lib/ionic/scss/_popover.scss
2020-10-05 17:36:06 +0000  copying file ./www/lib/ionic/scss/_badge.scss ... 
2020-10-05 17:36:06 +0000  1507 bytes for ./www/lib/ionic/scss/_badge.scss
2020-10-05 17:36:06 +0000  copying file ./www/lib/ionic/scss/_slide-box.scss ... 
2020-10-05 17:36:06 +0000  1104 bytes for ./www/lib/ionic/scss/_slide-box.scss
2020-10-05 17:36:06 +0000  copying file ./www/lib/ionic/scss/_animations.scss ... 
2020-10-05 17:36:06 +0000  1153 bytes for ./www/lib/ionic/scss/_animations.scss
2020-10-05 17:36:06 +0000  copying file ./www/lib/ionic/scss/ionicons/_ionicons-icons.scss ... 
2020-10-05 17:36:06 +0000  91501 bytes for ./www/lib/ionic/scss/ionicons/_ionicons-icons.scss
2020-10-05 17:36:06 +0000  copying file ./www/lib/ionic/scss/ionicons/_ionicons-font.scss ... 
2020-10-05 17:36:06 +0000  967 bytes for ./www/lib/ionic/scss/ionicons/_ionicons-font.scss
2020-10-05 17:36:06 +0000  copying file ./www/lib/ionic/scss/ionicons/_ionicons-variables.scss ... 
2020-10-05 17:36:06 +0000  27507 bytes for ./www/lib/ionic/scss/ionicons/_ionicons-variables.scss
2020-10-05 17:36:06 +0000  copying file ./www/lib/ionic/scss/ionicons/ionicons.scss ... 
2020-10-05 17:36:06 +0000  563 bytes for ./www/lib/ionic/scss/ionicons/ionicons.scss
2020-10-05 17:36:06 +0000  copying file ./www/lib/ionic/scss/ionic.scss ... 
2020-10-05 17:36:06 +0000  607 bytes for ./www/lib/ionic/scss/ionic.scss
2020-10-05 17:36:06 +0000  copying file ./www/lib/ionic/scss/_action-sheet.scss ... 
2020-10-05 17:36:06 +0000  2815 bytes for ./www/lib/ionic/scss/_action-sheet.scss
2020-10-05 17:36:06 +0000  copying file ./www/lib/ionic/scss/_radio.scss ... 
2020-10-05 17:36:06 +0000  899 bytes for ./www/lib/ionic/scss/_radio.scss
2020-10-05 17:36:06 +0000  copying file ./www/lib/ionic/scss/_button.scss ... 
2020-10-05 17:36:06 +0000  6440 bytes for ./www/lib/ionic/scss/_button.scss
2020-10-05 17:36:06 +0000  copying file ./www/lib/ionic/scss/_popup.scss ... 
2020-10-05 17:36:06 +0000  2014 bytes for ./www/lib/ionic/scss/_popup.scss
2020-10-05 17:36:06 +0000  copying file ./www/lib/ionic/scss/_scaffolding.scss ... 
2020-10-05 17:36:06 +0000  5561 bytes for ./www/lib/ionic/scss/_scaffolding.scss
2020-10-05 17:36:06 +0000  copying file ./www/lib/ionic/scss/_slides.scss ... 
2020-10-05 17:36:06 +0000  18493 bytes for ./www/lib/ionic/scss/_slides.scss
2020-10-05 17:36:06 +0000  copying file ./www/lib/ionic/scss/_tabs.scss ... 
2020-10-05 17:36:06 +0000  14058 bytes for ./www/lib/ionic/scss/_tabs.scss
2020-10-05 17:36:06 +0000  copying file ./www/lib/ionic/scss/_list.scss ... 
2020-10-05 17:36:06 +0000  2383 bytes for ./www/lib/ionic/scss/_list.scss
2020-10-05 17:36:06 +0000  copying file ./www/lib/ionic/scss/_items.scss ... 
2020-10-05 17:36:06 +0000  19420 bytes for ./www/lib/ionic/scss/_items.scss
copying file ./www/lib/ionic/scss/_range.scss ... 
2020-10-05 17:36:06 +0000  3718 bytes for ./www/lib/ionic/scss/_range.scss
2020-10-05 17:36:06 +0000  copying file ./www/lib/ionic/scss/_menu.scss ... 
2020-10-05 17:36:06 +0000  1164 bytes for ./www/lib/ionic/scss/_menu.scss
2020-10-05 17:36:06 +0000  copying file ./www/lib/ionic/scss/_refresher.scss ... 
2020-10-05 17:36:06 +0000  2666 bytes for ./www/lib/ionic/scss/_refresher.scss
2020-10-05 17:36:06 +0000  copying file ./www/lib/ionic/scss/_grid.scss ... 
2020-10-05 17:36:06 +0000  3022 bytes for ./www/lib/ionic/scss/_grid.scss
2020-10-05 17:36:06 +0000  copying file ./www/lib/ionic/scss/_loading.scss ... 
2020-10-05 17:36:06 +0000  852 bytes for ./www/lib/ionic/scss/_loading.scss
2020-10-05 17:36:06 +0000  copying file ./www/lib/ionic/scss/_mixins.scss ... 
2020-10-05 17:36:06 +0000  15708 bytes for ./www/lib/ionic/scss/_mixins.scss
2020-10-05 17:36:06 +0000  copying file ./www/lib/ionic/scss/_backdrop.scss ... 
2020-10-05 17:36:06 +0000  354 bytes for ./www/lib/ionic/scss/_backdrop.scss
2020-10-05 17:36:06 +0000  copying file ./www/lib/ionic/scss/_transitions.scss ... 
2020-10-05 17:36:06 +0000  3878 bytes for ./www/lib/ionic/scss/_transitions.scss
2020-10-05 17:36:06 +0000  copying file ./www/lib/ionic/scss/_platform.scss ... 
2020-10-05 17:36:06 +0000  1929 bytes for ./www/lib/ionic/scss/_platform.scss
2020-10-05 17:36:06 +0000  copying file ./www/lib/ionic/scss/_spinner.scss ... 
2020-10-05 17:36:06 +0000  1978 bytes for ./www/lib/ionic/scss/_spinner.scss
copying file ./www/lib/ionic/scss/_form.scss ... 
2020-10-05 17:36:06 +0000  6233 bytes for ./www/lib/ionic/scss/_form.scss
copying file ./www/lib/ionic/scss/_modal.scss ... 
2020-10-05 17:36:06 +0000  2129 bytes for ./www/lib/ionic/scss/_modal.scss
2020-10-05 17:36:06 +0000  copying file ./www/lib/ionic/scss/_type.scss ... 
2020-10-05 17:36:06 +0000  2869 bytes for ./www/lib/ionic/scss/_type.scss
2020-10-05 17:36:06 +0000  copying file ./www/lib/ionic/scss/_util.scss ... 
2020-10-05 17:36:06 +0000  5037 bytes for ./www/lib/ionic/scss/_util.scss
2020-10-05 17:36:06 +0000  copying file ./www/lib/ionic/fonts/ionicons.eot ... 
2020-10-05 17:36:06 +0000  120724 bytes for ./www/lib/ionic/fonts/ionicons.eot
copying file ./www/lib/ionic/fonts/ionicons.woff ... 
2020-10-05 17:36:06 +0000  67904 bytes for ./www/lib/ionic/fonts/ionicons.woff
copying file ./www/lib/ionic/fonts/ionicons.ttf ... 
2020-10-05 17:36:06 +0000  188508 bytes for ./www/lib/ionic/fonts/ionicons.ttf
2020-10-05 17:36:06 +0000  copying file ./www/lib/ionic/fonts/ionicons.svg ... 
2020-10-05 17:36:06 +0000  333834 bytes for ./www/lib/ionic/fonts/ionicons.svg
2020-10-05 17:36:06 +0000  copying file ./www/lib/ng-cordova-mocks.js ... 
2020-10-05 17:36:06 +0000  101525 bytes for ./www/lib/ng-cordova-mocks.js
2020-10-05 17:36:06 +0000  copying file ./www/lib/ng-cordova-mocks.min.js ... 
2020-10-05 17:36:06 +0000  32075 bytes for ./www/lib/ng-cordova-mocks.min.js
2020-10-05 17:36:06 +0000  copying file ./www/lib/socialSharing.js ... 
2020-10-05 17:36:06 +0000  7161 bytes for ./www/lib/socialSharing.js
2020-10-05 17:36:06 +0000  copying file ./www/lib/ng-cordova.min.js ... 
2020-10-05 17:36:06 +0000  93259 bytes for ./www/lib/ng-cordova.min.js
2020-10-05 17:36:06 +0000  copying file ./www/templates/vegan.html ... 
2020-10-05 17:36:06 +0000  94 bytes for ./www/templates/vegan.html
2020-10-05 17:36:06 +0000  copying file ./www/templates/recipeList.html ... 
2020-10-05 17:36:06 +0000  1368 bytes for ./www/templates/recipeList.html
2020-10-05 17:36:06 +0000  copying file ./www/templates/home.html ... 
2020-10-05 17:36:06 +0000  744 bytes for ./www/templates/home.html
copying file ./www/templates/vegetarian.html ... 
2020-10-05 17:36:06 +0000  104 bytes for ./www/templates/vegetarian.html
copying file ./www/templates/menu.html ... 
2020-10-05 17:36:06 +0000  1211 bytes for ./www/templates/menu.html
2020-10-05 17:36:06 +0000  copying file ./www/templates/description.html ... 
2020-10-05 17:36:06 +0000  2254 bytes for ./www/templates/description.html
2020-10-05 17:36:06 +0000  copying file ./www/templates/recipe.html ... 
2020-10-05 17:36:06 +0000  1085 bytes for ./www/templates/recipe.html
2020-10-05 17:36:06 +0000  copying file ./www/cordova_plugins.js ... 
2020-10-05 17:36:06 +0000  2063 bytes for ./www/cordova_plugins.js
2020-10-05 17:36:06 +0000  copying file ./www/service-worker.js ... 
2020-10-05 17:36:06 +0000  169 bytes for ./www/service-worker.js
2020-10-05 17:36:06 +0000  copying file ./www/data/recipes.json ... 
2020-10-05 17:36:06 +0000  41641 bytes for ./www/data/recipes.json
2020-10-05 17:36:06 +0000  copying file ./www/data/futureRecipes.json ... 
2020-10-05 17:36:06 +0000  4827 bytes for ./www/data/futureRecipes.json
2020-10-05 17:36:06 +0000  copying file ./www/data/Description.txt ... 
2020-10-05 17:36:06 +0000  141 bytes for ./www/data/Description.txt
2020-10-05 17:36:06 +0000  copying file ./www/wk-plugin.js ... 
2020-10-05 17:36:06 +0000  907 bytes for ./www/wk-plugin.js
2020-10-05 17:36:06 +0000  copying file ./www/src/assets/img/icon.png ... 
2020-10-05 17:36:06 +0000  56776 bytes for ./www/src/assets/img/icon.png
2020-10-05 17:36:06 +0000  copying file ./www/src/assets/img/difen-miser.png ... 
2020-10-05 17:36:06 +0000  204364 bytes for ./www/src/assets/img/difen-miser.png
2020-10-05 17:36:06 +0000  copying file ./www/src/assets/img/ater-kik.png ... 
2020-10-05 17:36:06 +0000  224431 bytes for ./www/src/assets/img/ater-kik.png
2020-10-05 17:36:06 +0000  copying file ./www/src/assets/img/selata.png ... 
2020-10-05 17:36:06 +0000  14561606 bytes for ./www/src/assets/img/selata.png
2020-10-05 17:36:06 +0000  copying file ./www/src/assets/img/siga-firfir.png ... 
2020-10-05 17:36:06 +0000  208384 bytes for ./www/src/assets/img/siga-firfir.png
2020-10-05 17:36:06 +0000  copying file ./www/src/assets/img/fasolia.png ... 
2020-10-05 17:36:06 +0000  233775 bytes for ./www/src/assets/img/fasolia.png
2020-10-05 17:36:06 +0000  copying file ./www/src/assets/img/kitfo-tibs.png ... 
2020-10-05 17:36:06 +0000  238771 bytes for ./www/src/assets/img/kitfo-tibs.png
2020-10-05 17:36:06 +0000  copying file ./www/src/assets/img/kinche.png ... 
2020-10-05 17:36:06 +0000  187258 bytes for ./www/src/assets/img/kinche.png
2020-10-05 17:36:06 +0000  copying file ./www/src/assets/img/quanta-firfir.png ... 
2020-10-05 17:36:06 +0000  18774 bytes for ./www/src/assets/img/quanta-firfir.png
2020-10-05 17:36:06 +0000  copying file ./www/src/assets/img/LegaTibes.png ... 
2020-10-05 17:36:06 +0000  62426 bytes for ./www/src/assets/img/LegaTibes.png
2020-10-05 17:36:06 +0000  copying file ./www/src/assets/img/genfo.png ... 
2020-10-05 17:36:06 +0000  200725 bytes for ./www/src/assets/img/genfo.png
2020-10-05 17:36:06 +0000  copying file ./www/src/assets/img/chechbesa.png ... 
2020-10-05 17:36:06 +0000  191630 bytes for ./www/src/assets/img/chechbesa.png
2020-10-05 17:36:06 +0000  copying file ./www/src/assets/img/tikel-gomen.png ... 
2020-10-05 17:36:06 +0000  213873 bytes for ./www/src/assets/img/tikel-gomen.png
2020-10-05 17:36:06 +0000  copying file ./www/src/assets/img/dinch-besiga.png ... 
2020-10-05 17:36:06 +0000  146382 bytes for ./www/src/assets/img/dinch-besiga.png
2020-10-05 17:36:06 +0000  copying file ./www/src/assets/img/TimatimSalad.png ... 
2020-10-05 17:36:06 +0000  33896 bytes for ./www/src/assets/img/TimatimSalad.png
2020-10-05 17:36:06 +0000  copying file ./www/src/assets/img/BozenaShiro.png ... 
2020-10-05 17:36:06 +0000  33455 bytes for ./www/src/assets/img/BozenaShiro.png
2020-10-05 17:36:06 +0000  copying file ./www/src/assets/img/BesoFirfir.png ... 
2020-10-05 17:36:06 +0000  40478 bytes for ./www/src/assets/img/BesoFirfir.png
2020-10-05 17:36:06 +0000  copying file ./www/src/assets/img/TikelGomen.png ... 
2020-10-05 17:36:06 +0000  33462 bytes for ./www/src/assets/img/TikelGomen.png
2020-10-05 17:36:06 +0000  copying file ./www/src/assets/img/ayib.png ... 
2020-10-05 17:36:06 +0000  239710 bytes for ./www/src/assets/img/ayib.png
2020-10-05 17:36:06 +0000  copying file ./www/src/assets/img/key-siga-wot.png ... 
2020-10-05 17:36:06 +0000  203812 bytes for ./www/src/assets/img/key-siga-wot.png
2020-10-05 17:36:06 +0000  copying file ./www/src/assets/img/Shiro.png ... 
2020-10-05 17:36:06 +0000  44617 bytes for ./www/src/assets/img/Shiro.png
2020-10-05 17:36:06 +0000  copying file ./www/src/assets/img/siga-wot.png ... 
2020-10-05 17:36:06 +0000  237605 bytes for ./www/src/assets/img/siga-wot.png
2020-10-05 17:36:06 +0000  copying file ./www/src/assets/img/avocado-selata.png ... 
2020-10-05 17:36:06 +0000  193524 bytes for ./www/src/assets/img/avocado-selata.png
2020-10-05 17:36:06 +0000  copying file ./www/src/assets/img/collard-greens.png ... 
2020-10-05 17:36:06 +0000  223678 bytes for ./www/src/assets/img/collard-greens.png
2020-10-05 17:36:06 +0000  copying file ./www/src/assets/img/awaze-sauce.png ... 
2020-10-05 17:36:06 +0000  175147 bytes for ./www/src/assets/img/awaze-sauce.png
2020-10-05 17:36:06 +0000  copying file ./www/src/assets/img/Icon/_ionicons_svg_ios-share-alt.svg ... 
2020-10-05 17:36:06 +0000  363 bytes for ./www/src/assets/img/Icon/_ionicons_svg_ios-share-alt.svg
2020-10-05 17:36:06 +0000  copying file ./www/src/assets/img/Icon/_ionicons_svg_md-share-alt.svg ... 
2020-10-05 17:36:06 +0000  198 bytes for ./www/src/assets/img/Icon/_ionicons_svg_md-share-alt.svg
2020-10-05 17:36:06 +0000  copying file ./www/src/assets/img/miser-wot.png ... 
2020-10-05 17:36:06 +0000  183155 bytes for ./www/src/assets/img/miser-wot.png
2020-10-05 17:36:06 +0000  copying file ./www/src/assets/img/EnqulalFirfir.png ... 
2020-10-05 17:36:06 +0000  45282 bytes for ./www/src/assets/img/EnqulalFirfir.png
2020-10-05 17:36:06 +0000  copying file ./www/src/assets/img/kitfo.png ... 
2020-10-05 17:36:06 +0000  213841 bytes for ./www/src/assets/img/kitfo.png
2020-10-05 17:36:06 +0000  copying file ./www/src/assets/img/senig-kariya.png ... 
2020-10-05 17:36:06 +0000  153193 bytes for ./www/src/assets/img/senig-kariya.png
2020-10-05 17:36:06 +0000  copying file ./Assets.car ... 
2020-10-05 17:36:06 +0000  346543 bytes for ./Assets.car
2020-10-05 17:36:06 +0000  copying file ./HabeshaFood ... 
2020-10-05 17:36:06 +0000  403280 bytes for ./HabeshaFood
2020-10-05 17:36:06 +0000  copying file ./AppIcon76x76@2x~ipad.png ... 
2020-10-05 17:36:06 +0000  28028 bytes for ./AppIcon76x76@2x~ipad.png
2020-10-05 17:36:06 +0000  copying file ./CDVLaunchScreen.storyboardc/01J-lp-oVM-view-Ze5-6b-2t3.nib/objects-13.0+.nib ... 
2020-10-05 17:36:06 +0000  2435 bytes for ./CDVLaunchScreen.storyboardc/01J-lp-oVM-view-Ze5-6b-2t3.nib/objects-13.0+.nib
2020-10-05 17:36:06 +0000  copying file ./CDVLaunchScreen.storyboardc/01J-lp-oVM-view-Ze5-6b-2t3.nib/runtime.nib ... 
2020-10-05 17:36:06 +0000  2853 bytes for ./CDVLaunchScreen.storyboardc/01J-lp-oVM-view-Ze5-6b-2t3.nib/runtime.nib
2020-10-05 17:36:06 +0000  copying file ./CDVLaunchScreen.storyboardc/UIViewController-01J-lp-oVM.nib/objects-13.0+.nib ... 
2020-10-05 17:36:06 +0000  896 bytes for ./CDVLaunchScreen.storyboardc/UIViewController-01J-lp-oVM.nib/objects-13.0+.nib
2020-10-05 17:36:06 +0000  copying file ./CDVLaunchScreen.storyboardc/UIViewController-01J-lp-oVM.nib/runtime.nib ... 
2020-10-05 17:36:06 +0000  896 bytes for ./CDVLaunchScreen.storyboardc/UIViewController-01J-lp-oVM.nib/runtime.nib
2020-10-05 17:36:06 +0000  copying file ./CDVLaunchScreen.storyboardc/Info.plist ... 
2020-10-05 17:36:06 +0000  258 bytes for ./CDVLaunchScreen.storyboardc/Info.plist
2020-10-05 17:36:06 +0000  copying file ./embedded.mobileprovision ... 
2020-10-05 17:36:06 +0000  8978 bytes for ./embedded.mobileprovision
2020-10-05 17:36:06 +0000  copying file ./Info.plist ... 
2020-10-05 17:36:06 +0000  1692 bytes for ./Info.plist
2020-10-05 17:36:06 +0000  copying file ./PkgInfo ... 
2020-10-05 17:36:06 +0000  8 bytes for ./PkgInfo
2020-10-05 17:36:06 +0000 [MT] /usr/bin/ditto exited with 0
2020-10-05 17:36:06 +0000 [MT] Processing step: IDEDistributionEmbedProfileStep
2020-10-05 17:36:06 +0000 [MT] Processing step: IDEDistributionInfoPlistStep
2020-10-05 17:36:06 +0000 [MT] Skipping step: IDEDistributionInfoPlistStep because it said so
2020-10-05 17:36:06 +0000 [MT] Processing step: IDEDistributionAppThinningPlistStep
2020-10-05 17:36:06 +0000 [MT] Skipping step: IDEDistributionAppThinningPlistStep because it said so
2020-10-05 17:36:06 +0000 [MT] Processing step: IDEDistributionCompileBitcodeStep
2020-10-05 17:36:06 +0000 [MT] Skipping step: IDEDistributionCompileBitcodeStep because it said so
2020-10-05 17:36:06 +0000 [MT] Processing step: IDEDistributionCodeSlimmingStep
2020-10-05 17:36:06 +0000 [MT] Processing step: IDEDistributionCopyBCSymbolMapsStep
2020-10-05 17:36:06 +0000 [MT] Skipping step: IDEDistributionCopyBCSymbolMapsStep because it said so
2020-10-05 17:36:06 +0000 [MT] Processing step: IDEDistributionSymbolsStep
2020-10-05 17:36:06 +0000 [MT] Skipping step: IDEDistributionSymbolsStep because it said so
2020-10-05 17:36:06 +0000 [MT] Processing step: IDEDistributionAppThinningStep
2020-10-05 17:36:06 +0000 [MT] Skipping step: IDEDistributionAppThinningStep because it said so
2020-10-05 17:36:06 +0000 [MT] Processing step: IDEDistributionArchThinningStep
2020-10-05 17:36:06 +0000 [MT] Running /Applications/Xcode.app/Contents/Developer/Toolchains/XcodeDefault.xctoolchain/usr/bin/lipo '/var/folders/3h/fnlpfgqx1qz76120vmkppcdh0000gn/T/XcodeDistPipeline.~~~aXRi2a/Root/Payload/HabeshaFood.app/HabeshaFood' '-verify_arch' 'arm64e'
2020-10-05 17:36:06 +0000 [MT] /Applications/Xcode.app/Contents/Developer/Toolchains/XcodeDefault.xctoolchain/usr/bin/lipo exited with 1
2020-10-05 17:36:06 +0000 [MT] Skipping architecture thinning for item "HabeshaFood" because arch "arm64e" wasn't found
2020-10-05 17:36:06 +0000 [MT] Processing step: IDEDistributionODRStep
2020-10-05 17:36:06 +0000 [MT] Processing step: IDEDistributionStripXattrsStep
2020-10-05 17:36:06 +0000 [MT] Running /usr/bin/xattr '-crs' '/var/folders/3h/fnlpfgqx1qz76120vmkppcdh0000gn/T/XcodeDistPipeline.~~~aXRi2a/Root/Payload/HabeshaFood.app'
2020-10-05 17:36:07 +0000 [MT] /usr/bin/xattr exited with 0
2020-10-05 17:36:07 +0000 [MT] Processing step: IDEDistributionCodesignStep
2020-10-05 17:36:07 +0000 [MT] Entitlements for <IDEDistributionItem: 0x7fa4fddc77b0; bundleID='com.helinaatsebha.habeshafood', path='<DVTFilePath:0x7fa4fdbaeeb0:'/Users/helinaa/Documents/App/hfa/HabeshaFood/platforms/ios/HabeshaFood.xcarchive/Products/Applications/HabeshaFood.app'>', codeSigningInfo='<_DVTCodeSigningInformation_Path: 0x7fa4fde27ee0; isSigned='1', isAdHocSigned='0', signingCertificate='<DVTSigningCertificate: 0x7fa4fe147c00; name='Apple Development: Helina Atsebha (J8XM67QWSR)', hash='B99F9CF7BBCD6A06F1F4C4307E574FA3617D8FD3', serialNumber='<DVTSigningCertificateSerialNumber: 0x7fa4fdcdda40>', certificateKinds='(
    "1.2.840.113635.100.6.1.12",
    "1.2.840.113635.100.6.1.2"
), issueDate='2020-10-02 16:08:15 +0000''>', entitlements='{
    "application-identifier" = "FM4Q45UXC3.com.helinaatsebha.habeshafood";
    "com.apple.developer.team-identifier" = FM4Q45UXC3;
    "get-task-allow" = 1;
}', teamID='FM4Q45UXC3', identifier='com.helinaatsebha.habeshafood', executablePath='<DVTFilePath:0x7fa4fddba580:'/Users/helinaa/Documents/App/hfa/HabeshaFood/platforms/ios/HabeshaFood.xcarchive/Products/Applications/HabeshaFood.app/HabeshaFood'>', hardenedRuntime='0'>'>: {
    "application-identifier" = "FM4Q45UXC3.com.helinaatsebha.habeshafood";
    "com.apple.developer.team-identifier" = FM4Q45UXC3;
    "get-task-allow" = 1;
}
2020-10-05 17:36:07 +0000 [MT] Writing entitlements for <IDEDistributionItem: 0x7fa4fddc77b0; bundleID='com.helinaatsebha.habeshafood', path='<DVTFilePath:0x7fa4fdbaeeb0:'/Users/helinaa/Documents/App/hfa/HabeshaFood/platforms/ios/HabeshaFood.xcarchive/Products/Applications/HabeshaFood.app'>', codeSigningInfo='<_DVTCodeSigningInformation_Path: 0x7fa4fde27ee0; isSigned='1', isAdHocSigned='0', signingCertificate='<DVTSigningCertificate: 0x7fa4fe141e50; name='Apple Development: Helina Atsebha (J8XM67QWSR)', hash='B99F9CF7BBCD6A06F1F4C4307E574FA3617D8FD3', serialNumber='<DVTSigningCertificateSerialNumber: 0x7fa4fdcfccb0>', certificateKinds='(
    "1.2.840.113635.100.6.1.12",
    "1.2.840.113635.100.6.1.2"
), issueDate='2020-10-02 16:08:15 +0000''>', entitlements='{
    "application-identifier" = "FM4Q45UXC3.com.helinaatsebha.habeshafood";
    "com.apple.developer.team-identifier" = FM4Q45UXC3;
    "get-task-allow" = 1;
}', teamID='FM4Q45UXC3', identifier='com.helinaatsebha.habeshafood', executablePath='<DVTFilePath:0x7fa4fddba580:'/Users/helinaa/Documents/App/hfa/HabeshaFood/platforms/ios/HabeshaFood.xcarchive/Products/Applications/HabeshaFood.app/HabeshaFood'>', hardenedRuntime='0'>'> to: /var/folders/3h/fnlpfgqx1qz76120vmkppcdh0000gn/T/XcodeDistPipeline.~~~aXRi2a/entitlements~~~0IHbOS
2020-10-05 17:36:07 +0000 [MT] Running /usr/bin/codesign '-vvv' '--force' '--sign' 'B99F9CF7BBCD6A06F1F4C4307E574FA3617D8FD3' '--entitlements' '/var/folders/3h/fnlpfgqx1qz76120vmkppcdh0000gn/T/XcodeDistPipeline.~~~aXRi2a/entitlements~~~0IHbOS' '--preserve-metadata=identifier,flags,runtime' '/var/folders/3h/fnlpfgqx1qz76120vmkppcdh0000gn/T/XcodeDistPipeline.~~~aXRi2a/Root/Payload/HabeshaFood.app'
2020-10-05 17:36:07 +0000  /var/folders/3h/fnlpfgqx1qz76120vmkppcdh0000gn/T/XcodeDistPipeline.~~~aXRi2a/Root/Payload/HabeshaFood.app: replacing existing signature
2020-10-05 17:36:07 +0000  /var/folders/3h/fnlpfgqx1qz76120vmkppcdh0000gn/T/XcodeDistPipeline.~~~aXRi2a/Root/Payload/HabeshaFood.app: signed app bundle with Mach-O thin (arm64) [com.helinaatsebha.habeshafood]
2020-10-05 17:36:07 +0000 [MT] /usr/bin/codesign exited with 0
2020-10-05 17:36:07 +0000 [MT] Processing step: IDEDistributionZipODRItemStep
2020-10-05 17:36:07 +0000 [MT] Skipping step: IDEDistributionZipODRItemStep because it said so
2020-10-05 17:36:07 +0000 [MT] Processing step: IDEDistributionCreateIPAStep
2020-10-05 17:36:07 +0000 [MT] Running /usr/bin/ditto '-V' '-c' '-k' '--norsrc' '/var/folders/3h/fnlpfgqx1qz76120vmkppcdh0000gn/T/XcodeDistPipeline.~~~aXRi2a/Root' '/var/folders/3h/fnlpfgqx1qz76120vmkppcdh0000gn/T/XcodeDistPipeline.~~~aXRi2a/Packages/HabeshaFood.ipa'
2020-10-05 17:36:07 +0000  >>> Copying /var/folders/3h/fnlpfgqx1qz76120vmkppcdh0000gn/T/XcodeDistPipeline.~~~aXRi2a/Root 
2020-10-05 17:36:07 +0000  copying file ./Payload/HabeshaFood.app/_CodeSignature/CodeResources ... 
2020-10-05 17:36:07 +0000  38385 bytes for ./Payload/HabeshaFood.app/_CodeSignature/CodeResources
2020-10-05 17:36:07 +0000  copying file ./Payload/HabeshaFood.app/MainViewController.nib ... 
980 bytes for ./Payload/HabeshaFood.app/MainViewController.nib
copying file ./Payload/HabeshaFood.app/AppIcon60x60@2x.png ... 
2020-10-05 17:36:07 +0000  16160 bytes for ./Payload/HabeshaFood.app/AppIcon60x60@2x.png
2020-10-05 17:36:07 +0000  copying file ./Payload/HabeshaFood.app/config.xml ... 
2020-10-05 17:36:07 +0000  5320 bytes for ./Payload/HabeshaFood.app/config.xml
2020-10-05 17:36:07 +0000  copying file ./Payload/HabeshaFood.app/www/index.html ... 
2020-10-05 17:36:07 +0000  954 bytes for ./Payload/HabeshaFood.app/www/index.html
copying file ./Payload/HabeshaFood.app/www/cordova.js ... 
2020-10-05 17:36:07 +0000  66883 bytes for ./Payload/HabeshaFood.app/www/cordova.js
2020-10-05 17:36:07 +0000  copying file ./Payload/HabeshaFood.app/www/css/ionic.app.min.css ... 
2020-10-05 17:36:07 +0000  202755 bytes for ./Payload/HabeshaFood.app/www/css/ionic.app.min.css
2020-10-05 17:36:07 +0000  copying file ./Payload/HabeshaFood.app/www/css/style.css ... 
2052 bytes for ./Payload/HabeshaFood.app/www/css/style.css
copying file ./Payload/HabeshaFood.app/www/css/ionic.app.css ... 
2020-10-05 17:36:07 +0000  253170 bytes for ./Payload/HabeshaFood.app/www/css/ionic.app.css
2020-10-05 17:36:07 +0000  copying file ./Payload/HabeshaFood.app/www/plugins/es6-promise-plugin/www/promise.js ... 
2020-10-05 17:36:07 +0000  9479 bytes for ./Payload/HabeshaFood.app/www/plugins/es6-promise-plugin/www/promise.js
2020-10-05 17:36:07 +0000  copying file ./Payload/HabeshaFood.app/www/plugins/cordova-plugin-ionic-webview/src/www/util.js ... 
2020-10-05 17:36:07 +0000  968 bytes for ./Payload/HabeshaFood.app/www/plugins/cordova-plugin-ionic-webview/src/www/util.js
copying file ./Payload/HabeshaFood.app/www/plugins/cordova-plugin-ionic-webview/src/www/ios/ios-wkwebview-exec.js ... 
2020-10-05 17:36:07 +0000  6179 bytes for ./Payload/HabeshaFood.app/www/plugins/cordova-plugin-ionic-webview/src/www/ios/ios-wkwebview-exec.js
2020-10-05 17:36:07 +0000  copying file ./Payload/HabeshaFood.app/www/plugins/cordova-plugin-device/www/device.js ... 
2020-10-05 17:36:07 +0000  3070 bytes for ./Payload/HabeshaFood.app/www/plugins/cordova-plugin-device/www/device.js
2020-10-05 17:36:07 +0000  copying file ./Payload/HabeshaFood.app/www/plugins/cordova-plugin-statusbar/www/statusbar.js ... 
2020-10-05 17:36:07 +0000  3489 bytes for ./Payload/HabeshaFood.app/www/plugins/cordova-plugin-statusbar/www/statusbar.js
2020-10-05 17:36:07 +0000  copying file ./Payload/HabeshaFood.app/www/plugins/cordova-plugin-ionic-keyboard/www/ios/keyboard.js ... 
2020-10-05 17:36:07 +0000  3287 bytes for ./Payload/HabeshaFood.app/www/plugins/cordova-plugin-ionic-keyboard/www/ios/keyboard.js
2020-10-05 17:36:07 +0000  copying file ./Payload/HabeshaFood.app/www/plugins/cordova-plugin-x-socialsharing/www/SocialSharing.js ... 
2020-10-05 17:36:07 +0000  8026 bytes for ./Payload/HabeshaFood.app/www/plugins/cordova-plugin-x-socialsharing/www/SocialSharing.js
2020-10-05 17:36:07 +0000  copying file ./Payload/HabeshaFood.app/www/js/controllers.js ... 
2020-10-05 17:36:07 +0000  5971 bytes for ./Payload/HabeshaFood.app/www/js/controllers.js
2020-10-05 17:36:07 +0000  copying file ./Payload/HabeshaFood.app/www/js/app.js ... 
2020-10-05 17:36:07 +0000  2204 bytes for ./Payload/HabeshaFood.app/www/js/app.js
copying file ./Payload/HabeshaFood.app/www/icon-40.png ... 
2020-10-05 17:36:07 +0000  21248 bytes for ./Payload/HabeshaFood.app/www/icon-40.png
2020-10-05 17:36:07 +0000  copying file ./Payload/HabeshaFood.app/www/cordova-js-src/exec.js ... 
2020-10-05 17:36:07 +0000  5402 bytes for ./Payload/HabeshaFood.app/www/cordova-js-src/exec.js
2020-10-05 17:36:07 +0000  copying file ./Payload/HabeshaFood.app/www/cordova-js-src/plugin/ios/wkwebkit.js ... 
2020-10-05 17:36:07 +0000  1454 bytes for ./Payload/HabeshaFood.app/www/cordova-js-src/plugin/ios/wkwebkit.js
2020-10-05 17:36:07 +0000  copying file ./Payload/HabeshaFood.app/www/cordova-js-src/plugin/ios/logger.js ... 
2020-10-05 17:36:07 +0000  10180 bytes for ./Payload/HabeshaFood.app/www/cordova-js-src/plugin/ios/logger.js
copying file ./Payload/HabeshaFood.app/www/cordova-js-src/plugin/ios/console.js ... 
2020-10-05 17:36:07 +0000  6873 bytes for ./Payload/HabeshaFood.app/www/cordova-js-src/plugin/ios/console.js
2020-10-05 17:36:07 +0000  copying file ./Payload/HabeshaFood.app/www/cordova-js-src/plugin/ios/launchscreen.js ... 
1076 bytes for ./Payload/HabeshaFood.app/www/cordova-js-src/plugin/ios/launchscreen.js
2020-10-05 17:36:07 +0000  copying file ./Payload/HabeshaFood.app/www/cordova-js-src/platform.js ... 
1627 bytes for ./Payload/HabeshaFood.app/www/cordova-js-src/platform.js
2020-10-05 17:36:07 +0000  copying file ./Payload/HabeshaFood.app/www/manifest.json ... 
207 bytes for ./Payload/HabeshaFood.app/www/manifest.json
2020-10-05 17:36:07 +0000  copying file ./Payload/HabeshaFood.app/www/lib/ionic/version.json ... 
96 bytes for ./Payload/HabeshaFood.app/www/lib/ionic/version.json
2020-10-05 17:36:07 +0000  copying file ./Payload/HabeshaFood.app/www/lib/ionic/css/ionic.css ... 
2020-10-05 17:36:07 +0000  252620 bytes for ./Payload/HabeshaFood.app/www/lib/ionic/css/ionic.css
copying file ./Payload/HabeshaFood.app/www/lib/ionic/css/ionic.min.css ... 
2020-10-05 17:36:07 +0000  200034 bytes for ./Payload/HabeshaFood.app/www/lib/ionic/css/ionic.min.css
2020-10-05 17:36:07 +0000  copying file ./Payload/HabeshaFood.app/www/lib/ionic/js/ionic-angular.min.js ... 
2020-10-05 17:36:07 +0000  125593 bytes for ./Payload/HabeshaFood.app/www/lib/ionic/js/ionic-angular.min.js
copying file ./Payload/HabeshaFood.app/www/lib/ionic/js/ionic.js ... 
2020-10-05 17:36:07 +0000  471616 bytes for ./Payload/HabeshaFood.app/www/lib/ionic/js/ionic.js
2020-10-05 17:36:07 +0000  copying file ./Payload/HabeshaFood.app/www/lib/ionic/js/angular/angular.min.js ... 
2020-10-05 17:36:07 +0000  155877 bytes for ./Payload/HabeshaFood.app/www/lib/ionic/js/angular/angular.min.js
2020-10-05 17:36:07 +0000  copying file ./Payload/HabeshaFood.app/www/lib/ionic/js/angular/angular-sanitize.js ... 
2020-10-05 17:36:07 +0000  25655 bytes for ./Payload/HabeshaFood.app/www/lib/ionic/js/angular/angular-sanitize.js
2020-10-05 17:36:07 +0000  copying file ./Payload/HabeshaFood.app/www/lib/ionic/js/angular/angular.js ... 
2020-10-05 17:36:07 +0000  1141759 bytes for ./Payload/HabeshaFood.app/www/lib/ionic/js/angular/angular.js
2020-10-05 17:36:07 +0000  copying file ./Payload/HabeshaFood.app/www/lib/ionic/js/angular/angular-sanitize.min.js ... 
2020-10-05 17:36:07 +0000  5828 bytes for ./Payload/HabeshaFood.app/www/lib/ionic/js/angular/angular-sanitize.min.js
copying file ./Payload/HabeshaFood.app/www/lib/ionic/js/angular/angular-animate.js ... 
2020-10-05 17:36:07 +0000  149421 bytes for ./Payload/HabeshaFood.app/www/lib/ionic/js/angular/angular-animate.js
copying file ./Payload/HabeshaFood.app/www/lib/ionic/js/angular/angular-resource.js ... 
2020-10-05 17:36:07 +0000  31396 bytes for ./Payload/HabeshaFood.app/www/lib/ionic/js/angular/angular-resource.js
2020-10-05 17:36:07 +0000  copying file ./Payload/HabeshaFood.app/www/lib/ionic/js/angular/angular-resource.min.js ... 
2020-10-05 17:36:07 +0000  4486 bytes for ./Payload/HabeshaFood.app/www/lib/ionic/js/angular/angular-resource.min.js
copying file ./Payload/HabeshaFood.app/www/lib/ionic/js/angular/angular-animate.min.js ... 
2020-10-05 17:36:07 +0000  25367 bytes for ./Payload/HabeshaFood.app/www/lib/ionic/js/angular/angular-animate.min.js
2020-10-05 17:36:07 +0000  copying file ./Payload/HabeshaFood.app/www/lib/ionic/js/angular-ui/angular-ui-router.js ... 
2020-10-05 17:36:07 +0000  156740 bytes for ./Payload/HabeshaFood.app/www/lib/ionic/js/angular-ui/angular-ui-router.js
2020-10-05 17:36:07 +0000  copying file ./Payload/HabeshaFood.app/www/lib/ionic/js/angular-ui/angular-ui-router.min.js ... 
2020-10-05 17:36:07 +0000  28684 bytes for ./Payload/HabeshaFood.app/www/lib/ionic/js/angular-ui/angular-ui-router.min.js
2020-10-05 17:36:07 +0000  copying file ./Payload/HabeshaFood.app/www/lib/ionic/js/ionic.bundle.js ... 
2020-10-05 17:36:07 +0000  2406537 bytes for ./Payload/HabeshaFood.app/www/lib/ionic/js/ionic.bundle.js
2020-10-05 17:36:07 +0000  copying file ./Payload/HabeshaFood.app/www/lib/ionic/js/ionic-angular.js ... 
2020-10-05 17:36:07 +0000  460345 bytes for ./Payload/HabeshaFood.app/www/lib/ionic/js/ionic-angular.js
copying file ./Payload/HabeshaFood.app/www/lib/ionic/js/ionic.bundle.min.js ... 
2020-10-05 17:36:07 +0000  509556 bytes for ./Payload/HabeshaFood.app/www/lib/ionic/js/ionic.bundle.min.js
2020-10-05 17:36:07 +0000  copying file ./Payload/HabeshaFood.app/www/lib/ionic/js/ionic.min.js ... 
2020-10-05 17:36:07 +0000  167206 bytes for ./Payload/HabeshaFood.app/www/lib/ionic/js/ionic.min.js
2020-10-05 17:36:07 +0000  copying file ./Payload/HabeshaFood.app/www/lib/ionic/scss/_select.scss ... 
2020-10-05 17:36:07 +0000  2580 bytes for ./Payload/HabeshaFood.app/www/lib/ionic/scss/_select.scss
2020-10-05 17:36:07 +0000  copying file ./Payload/HabeshaFood.app/www/lib/ionic/scss/_button-bar.scss ... 
2020-10-05 17:36:07 +0000  1666 bytes for ./Payload/HabeshaFood.app/www/lib/ionic/scss/_button-bar.scss
copying file ./Payload/HabeshaFood.app/www/lib/ionic/scss/_variables.scss ... 
2020-10-05 17:36:07 +0000  31913 bytes for ./Payload/HabeshaFood.app/www/lib/ionic/scss/_variables.scss
copying file ./Payload/HabeshaFood.app/www/lib/ionic/scss/_progress.scss ... 
2020-10-05 17:36:07 +0000  161 bytes for ./Payload/HabeshaFood.app/www/lib/ionic/scss/_progress.scss
copying file ./Payload/HabeshaFood.app/www/lib/ionic/scss/_toggle.scss ... 
2020-10-05 17:36:07 +0000  5101 bytes for ./Payload/HabeshaFood.app/www/lib/ionic/scss/_toggle.scss
copying file ./Payload/HabeshaFood.app/www/lib/ionic/scss/_bar.scss ... 
2020-10-05 17:36:07 +0000  9986 bytes for ./Payload/HabeshaFood.app/www/lib/ionic/scss/_bar.scss
2020-10-05 17:36:07 +0000  copying file ./Payload/HabeshaFood.app/www/lib/ionic/scss/_checkbox.scss ... 
2020-10-05 17:36:07 +0000  4721 bytes for ./Payload/HabeshaFood.app/www/lib/ionic/scss/_checkbox.scss
copying file ./Payload/HabeshaFood.app/www/lib/ionic/scss/_reset.scss ... 
2020-10-05 17:36:07 +0000  6919 bytes for ./Payload/HabeshaFood.app/www/lib/ionic/scss/_reset.scss
2020-10-05 17:36:07 +0000  copying file ./Payload/HabeshaFood.app/www/lib/ionic/scss/_popover.scss ... 
3042 bytes for ./Payload/HabeshaFood.app/www/lib/ionic/scss/_popover.scss
copying file ./Payload/HabeshaFood.app/www/lib/ionic/scss/_badge.scss ... 
1507 bytes for ./Payload/HabeshaFood.app/www/lib/ionic/scss/_badge.scss
copying file ./Payload/HabeshaFood.app/www/lib/ionic/scss/_slide-box.scss ... 
1104 bytes for ./Payload/HabeshaFood.app/www/lib/ionic/scss/_slide-box.scss
copying file ./Payload/HabeshaFood.app/www/lib/ionic/scss/_animations.scss ... 
1153 bytes for ./Payload/HabeshaFood.app/www/lib/ionic/scss/_animations.scss
copying file ./Payload/HabeshaFood.app/www/lib/ionic/scss/ionicons/_ionicons-icons.scss ... 
2020-10-05 17:36:07 +0000  91501 bytes for ./Payload/HabeshaFood.app/www/lib/ionic/scss/ionicons/_ionicons-icons.scss
2020-10-05 17:36:07 +0000  copying file ./Payload/HabeshaFood.app/www/lib/ionic/scss/ionicons/_ionicons-font.scss ... 
967 bytes for ./Payload/HabeshaFood.app/www/lib/ionic/scss/ionicons/_ionicons-font.scss
copying file ./Payload/HabeshaFood.app/www/lib/ionic/scss/ionicons/_ionicons-variables.scss ... 
2020-10-05 17:36:07 +0000  27507 bytes for ./Payload/HabeshaFood.app/www/lib/ionic/scss/ionicons/_ionicons-variables.scss
2020-10-05 17:36:07 +0000  copying file ./Payload/HabeshaFood.app/www/lib/ionic/scss/ionicons/ionicons.scss ... 
563 bytes for ./Payload/HabeshaFood.app/www/lib/ionic/scss/ionicons/ionicons.scss
2020-10-05 17:36:07 +0000  copying file ./Payload/HabeshaFood.app/www/lib/ionic/scss/ionic.scss ... 
607 bytes for ./Payload/HabeshaFood.app/www/lib/ionic/scss/ionic.scss
copying file ./Payload/HabeshaFood.app/www/lib/ionic/scss/_action-sheet.scss ... 
2020-10-05 17:36:07 +0000  2815 bytes for ./Payload/HabeshaFood.app/www/lib/ionic/scss/_action-sheet.scss
copying file ./Payload/HabeshaFood.app/www/lib/ionic/scss/_radio.scss ... 
899 bytes for ./Payload/HabeshaFood.app/www/lib/ionic/scss/_radio.scss
copying file ./Payload/HabeshaFood.app/www/lib/ionic/scss/_button.scss ... 
2020-10-05 17:36:07 +0000  6440 bytes for ./Payload/HabeshaFood.app/www/lib/ionic/scss/_button.scss
copying file ./Payload/HabeshaFood.app/www/lib/ionic/scss/_popup.scss ... 
2014 bytes for ./Payload/HabeshaFood.app/www/lib/ionic/scss/_popup.scss
copying file ./Payload/HabeshaFood.app/www/lib/ionic/scss/_scaffolding.scss ... 
5561 bytes for ./Payload/HabeshaFood.app/www/lib/ionic/scss/_scaffolding.scss
copying file ./Payload/HabeshaFood.app/www/lib/ionic/scss/_slides.scss ... 
2020-10-05 17:36:07 +0000  18493 bytes for ./Payload/HabeshaFood.app/www/lib/ionic/scss/_slides.scss
copying file ./Payload/HabeshaFood.app/www/lib/ionic/scss/_tabs.scss ... 
2020-10-05 17:36:07 +0000  14058 bytes for ./Payload/HabeshaFood.app/www/lib/ionic/scss/_tabs.scss
copying file ./Payload/HabeshaFood.app/www/lib/ionic/scss/_list.scss ... 
2383 bytes for ./Payload/HabeshaFood.app/www/lib/ionic/scss/_list.scss
copying file ./Payload/HabeshaFood.app/www/lib/ionic/scss/_items.scss ... 
2020-10-05 17:36:07 +0000  19420 bytes for ./Payload/HabeshaFood.app/www/lib/ionic/scss/_items.scss
copying file ./Payload/HabeshaFood.app/www/lib/ionic/scss/_range.scss ... 
2020-10-05 17:36:07 +0000  3718 bytes for ./Payload/HabeshaFood.app/www/lib/ionic/scss/_range.scss
copying file ./Payload/HabeshaFood.app/www/lib/ionic/scss/_menu.scss ... 
1164 bytes for ./Payload/HabeshaFood.app/www/lib/ionic/scss/_menu.scss
copying file ./Payload/HabeshaFood.app/www/lib/ionic/scss/_refresher.scss ... 
2666 bytes for ./Payload/HabeshaFood.app/www/lib/ionic/scss/_refresher.scss
copying file ./Payload/HabeshaFood.app/www/lib/ionic/scss/_grid.scss ... 
3022 bytes for ./Payload/HabeshaFood.app/www/lib/ionic/scss/_grid.scss
copying file ./Payload/HabeshaFood.app/www/lib/ionic/scss/_loading.scss ... 
852 bytes for ./Payload/HabeshaFood.app/www/lib/ionic/scss/_loading.scss
copying file ./Payload/HabeshaFood.app/www/lib/ionic/scss/_mixins.scss ... 
2020-10-05 17:36:07 +0000  15708 bytes for ./Payload/HabeshaFood.app/www/lib/ionic/scss/_mixins.scss
copying file ./Payload/HabeshaFood.app/www/lib/ionic/scss/_backdrop.scss ... 
354 bytes for ./Payload/HabeshaFood.app/www/lib/ionic/scss/_backdrop.scss
copying file ./Payload/HabeshaFood.app/www/lib/ionic/scss/_transitions.scss ... 
3878 bytes for ./Payload/HabeshaFood.app/www/lib/ionic/scss/_transitions.scss
copying file ./Payload/HabeshaFood.app/www/lib/ionic/scss/_platform.scss ... 
2020-10-05 17:36:07 +0000  1929 bytes for ./Payload/HabeshaFood.app/www/lib/ionic/scss/_platform.scss
copying file ./Payload/HabeshaFood.app/www/lib/ionic/scss/_spinner.scss ... 
2020-10-05 17:36:07 +0000  1978 bytes for ./Payload/HabeshaFood.app/www/lib/ionic/scss/_spinner.scss
copying file ./Payload/HabeshaFood.app/www/lib/ionic/scss/_form.scss ... 
2020-10-05 17:36:07 +0000  6233 bytes for ./Payload/HabeshaFood.app/www/lib/ionic/scss/_form.scss
copying file ./Payload/HabeshaFood.app/www/lib/ionic/scss/_modal.scss ... 
2020-10-05 17:36:07 +0000  2129 bytes for ./Payload/HabeshaFood.app/www/lib/ionic/scss/_modal.scss
copying file ./Payload/HabeshaFood.app/www/lib/ionic/scss/_type.scss ... 
2869 bytes for ./Payload/HabeshaFood.app/www/lib/ionic/scss/_type.scss
copying file ./Payload/HabeshaFood.app/www/lib/ionic/scss/_util.scss ... 
2020-10-05 17:36:07 +0000  5037 bytes for ./Payload/HabeshaFood.app/www/lib/ionic/scss/_util.scss
copying file ./Payload/HabeshaFood.app/www/lib/ionic/fonts/ionicons.eot ... 
2020-10-05 17:36:07 +0000  120724 bytes for ./Payload/HabeshaFood.app/www/lib/ionic/fonts/ionicons.eot
copying file ./Payload/HabeshaFood.app/www/lib/ionic/fonts/ionicons.woff ... 
2020-10-05 17:36:07 +0000  67904 bytes for ./Payload/HabeshaFood.app/www/lib/ionic/fonts/ionicons.woff
copying file ./Payload/HabeshaFood.app/www/lib/ionic/fonts/ionicons.ttf ... 
2020-10-05 17:36:07 +0000  188508 bytes for ./Payload/HabeshaFood.app/www/lib/ionic/fonts/ionicons.ttf
2020-10-05 17:36:07 +0000  copying file ./Payload/HabeshaFood.app/www/lib/ionic/fonts/ionicons.svg ... 
2020-10-05 17:36:07 +0000  333834 bytes for ./Payload/HabeshaFood.app/www/lib/ionic/fonts/ionicons.svg
2020-10-05 17:36:07 +0000  copying file ./Payload/HabeshaFood.app/www/lib/ng-cordova-mocks.js ... 
2020-10-05 17:36:07 +0000  101525 bytes for ./Payload/HabeshaFood.app/www/lib/ng-cordova-mocks.js
2020-10-05 17:36:07 +0000  copying file ./Payload/HabeshaFood.app/www/lib/ng-cordova-mocks.min.js ... 
2020-10-05 17:36:07 +0000  32075 bytes for ./Payload/HabeshaFood.app/www/lib/ng-cordova-mocks.min.js
2020-10-05 17:36:07 +0000  copying file ./Payload/HabeshaFood.app/www/lib/socialSharing.js ... 
2020-10-05 17:36:07 +0000  7161 bytes for ./Payload/HabeshaFood.app/www/lib/socialSharing.js
copying file ./Payload/HabeshaFood.app/www/lib/ng-cordova.min.js ... 
2020-10-05 17:36:07 +0000  93259 bytes for ./Payload/HabeshaFood.app/www/lib/ng-cordova.min.js
2020-10-05 17:36:07 +0000  copying file ./Payload/HabeshaFood.app/www/templates/vegan.html ... 
2020-10-05 17:36:07 +0000  94 bytes for ./Payload/HabeshaFood.app/www/templates/vegan.html
copying file ./Payload/HabeshaFood.app/www/templates/recipeList.html ... 
2020-10-05 17:36:07 +0000  1368 bytes for ./Payload/HabeshaFood.app/www/templates/recipeList.html
copying file ./Payload/HabeshaFood.app/www/templates/home.html ... 
2020-10-05 17:36:07 +0000  744 bytes for ./Payload/HabeshaFood.app/www/templates/home.html
copying file ./Payload/HabeshaFood.app/www/templates/vegetarian.html ... 
104 bytes for ./Payload/HabeshaFood.app/www/templates/vegetarian.html
copying file ./Payload/HabeshaFood.app/www/templates/menu.html ... 
2020-10-05 17:36:07 +0000  1211 bytes for ./Payload/HabeshaFood.app/www/templates/menu.html
copying file ./Payload/HabeshaFood.app/www/templates/description.html ... 
2020-10-05 17:36:07 +0000  2254 bytes for ./Payload/HabeshaFood.app/www/templates/description.html
copying file ./Payload/HabeshaFood.app/www/templates/recipe.html ... 
2020-10-05 17:36:07 +0000  1085 bytes for ./Payload/HabeshaFood.app/www/templates/recipe.html
2020-10-05 17:36:07 +0000  copying file ./Payload/HabeshaFood.app/www/cordova_plugins.js ... 
2020-10-05 17:36:07 +0000  2063 bytes for ./Payload/HabeshaFood.app/www/cordova_plugins.js
copying file ./Payload/HabeshaFood.app/www/service-worker.js ... 
169 bytes for ./Payload/HabeshaFood.app/www/service-worker.js
2020-10-05 17:36:07 +0000  copying file ./Payload/HabeshaFood.app/www/data/recipes.json ... 
2020-10-05 17:36:07 +0000  41641 bytes for ./Payload/HabeshaFood.app/www/data/recipes.json
copying file ./Payload/HabeshaFood.app/www/data/futureRecipes.json ... 
2020-10-05 17:36:07 +0000  4827 bytes for ./Payload/HabeshaFood.app/www/data/futureRecipes.json
copying file ./Payload/HabeshaFood.app/www/data/Description.txt ... 
141 bytes for ./Payload/HabeshaFood.app/www/data/Description.txt
2020-10-05 17:36:07 +0000  copying file ./Payload/HabeshaFood.app/www/wk-plugin.js ... 
907 bytes for ./Payload/HabeshaFood.app/www/wk-plugin.js
2020-10-05 17:36:07 +0000  copying file ./Payload/HabeshaFood.app/www/src/assets/img/icon.png ... 
2020-10-05 17:36:07 +0000  56776 bytes for ./Payload/HabeshaFood.app/www/src/assets/img/icon.png
copying file ./Payload/HabeshaFood.app/www/src/assets/img/difen-miser.png ... 
2020-10-05 17:36:07 +0000  204364 bytes for ./Payload/HabeshaFood.app/www/src/assets/img/difen-miser.png
copying file ./Payload/HabeshaFood.app/www/src/assets/img/ater-kik.png ... 
2020-10-05 17:36:07 +0000  224431 bytes for ./Payload/HabeshaFood.app/www/src/assets/img/ater-kik.png
copying file ./Payload/HabeshaFood.app/www/src/assets/img/selata.png ... 
2020-10-05 17:36:08 +0000  14561606 bytes for ./Payload/HabeshaFood.app/www/src/assets/img/selata.png
copying file ./Payload/HabeshaFood.app/www/src/assets/img/siga-firfir.png ... 
2020-10-05 17:36:08 +0000  208384 bytes for ./Payload/HabeshaFood.app/www/src/assets/img/siga-firfir.png
2020-10-05 17:36:08 +0000  copying file ./Payload/HabeshaFood.app/www/src/assets/img/fasolia.png ... 
2020-10-05 17:36:08 +0000  233775 bytes for ./Payload/HabeshaFood.app/www/src/assets/img/fasolia.png
copying file ./Payload/HabeshaFood.app/www/src/assets/img/kitfo-tibs.png ... 
2020-10-05 17:36:08 +0000  238771 bytes for ./Payload/HabeshaFood.app/www/src/assets/img/kitfo-tibs.png
2020-10-05 17:36:08 +0000  copying file ./Payload/HabeshaFood.app/www/src/assets/img/kinche.png ... 
2020-10-05 17:36:08 +0000  187258 bytes for ./Payload/HabeshaFood.app/www/src/assets/img/kinche.png
copying file ./Payload/HabeshaFood.app/www/src/assets/img/quanta-firfir.png ... 
2020-10-05 17:36:08 +0000  18774 bytes for ./Payload/HabeshaFood.app/www/src/assets/img/quanta-firfir.png
2020-10-05 17:36:08 +0000  copying file ./Payload/HabeshaFood.app/www/src/assets/img/LegaTibes.png ... 
2020-10-05 17:36:08 +0000  62426 bytes for ./Payload/HabeshaFood.app/www/src/assets/img/LegaTibes.png
copying file ./Payload/HabeshaFood.app/www/src/assets/img/genfo.png ... 
2020-10-05 17:36:08 +0000  200725 bytes for ./Payload/HabeshaFood.app/www/src/assets/img/genfo.png
copying file ./Payload/HabeshaFood.app/www/src/assets/img/chechbesa.png ... 
2020-10-05 17:36:08 +0000  191630 bytes for ./Payload/HabeshaFood.app/www/src/assets/img/chechbesa.png
copying file ./Payload/HabeshaFood.app/www/src/assets/img/tikel-gomen.png ... 
2020-10-05 17:36:08 +0000  213873 bytes for ./Payload/HabeshaFood.app/www/src/assets/img/tikel-gomen.png
copying file ./Payload/HabeshaFood.app/www/src/assets/img/dinch-besiga.png ... 
2020-10-05 17:36:08 +0000  146382 bytes for ./Payload/HabeshaFood.app/www/src/assets/img/dinch-besiga.png
2020-10-05 17:36:08 +0000  copying file ./Payload/HabeshaFood.app/www/src/assets/img/TimatimSalad.png ... 
33896 bytes for ./Payload/HabeshaFood.app/www/src/assets/img/TimatimSalad.png
copying file ./Payload/HabeshaFood.app/www/src/assets/img/BozenaShiro.png ... 
2020-10-05 17:36:08 +0000  33455 bytes for ./Payload/HabeshaFood.app/www/src/assets/img/BozenaShiro.png
2020-10-05 17:36:08 +0000  copying file ./Payload/HabeshaFood.app/www/src/assets/img/BesoFirfir.png ... 
2020-10-05 17:36:08 +0000  40478 bytes for ./Payload/HabeshaFood.app/www/src/assets/img/BesoFirfir.png
2020-10-05 17:36:08 +0000  copying file ./Payload/HabeshaFood.app/www/src/assets/img/TikelGomen.png ... 
2020-10-05 17:36:08 +0000  33462 bytes for ./Payload/HabeshaFood.app/www/src/assets/img/TikelGomen.png
copying file ./Payload/HabeshaFood.app/www/src/assets/img/ayib.png ... 
2020-10-05 17:36:08 +0000  239710 bytes for ./Payload/HabeshaFood.app/www/src/assets/img/ayib.png
2020-10-05 17:36:08 +0000  copying file ./Payload/HabeshaFood.app/www/src/assets/img/key-siga-wot.png ... 
2020-10-05 17:36:08 +0000  203812 bytes for ./Payload/HabeshaFood.app/www/src/assets/img/key-siga-wot.png
copying file ./Payload/HabeshaFood.app/www/src/assets/img/Shiro.png ... 
2020-10-05 17:36:08 +0000  44617 bytes for ./Payload/HabeshaFood.app/www/src/assets/img/Shiro.png
copying file ./Payload/HabeshaFood.app/www/src/assets/img/siga-wot.png ... 
2020-10-05 17:36:08 +0000  237605 bytes for ./Payload/HabeshaFood.app/www/src/assets/img/siga-wot.png
2020-10-05 17:36:08 +0000  copying file ./Payload/HabeshaFood.app/www/src/assets/img/avocado-selata.png ... 
2020-10-05 17:36:08 +0000  193524 bytes for ./Payload/HabeshaFood.app/www/src/assets/img/avocado-selata.png
2020-10-05 17:36:08 +0000  copying file ./Payload/HabeshaFood.app/www/src/assets/img/collard-greens.png ... 
2020-10-05 17:36:08 +0000  223678 bytes for ./Payload/HabeshaFood.app/www/src/assets/img/collard-greens.png
2020-10-05 17:36:08 +0000  copying file ./Payload/HabeshaFood.app/www/src/assets/img/awaze-sauce.png ... 
2020-10-05 17:36:08 +0000  175147 bytes for ./Payload/HabeshaFood.app/www/src/assets/img/awaze-sauce.png
2020-10-05 17:36:08 +0000  copying file ./Payload/HabeshaFood.app/www/src/assets/img/Icon/_ionicons_svg_ios-share-alt.svg ... 
2020-10-05 17:36:08 +0000  363 bytes for ./Payload/HabeshaFood.app/www/src/assets/img/Icon/_ionicons_svg_ios-share-alt.svg
copying file ./Payload/HabeshaFood.app/www/src/assets/img/Icon/_ionicons_svg_md-share-alt.svg ... 
198 bytes for ./Payload/HabeshaFood.app/www/src/assets/img/Icon/_ionicons_svg_md-share-alt.svg
copying file ./Payload/HabeshaFood.app/www/src/assets/img/miser-wot.png ... 
2020-10-05 17:36:08 +0000  183155 bytes for ./Payload/HabeshaFood.app/www/src/assets/img/miser-wot.png
2020-10-05 17:36:08 +0000  copying file ./Payload/HabeshaFood.app/www/src/assets/img/EnqulalFirfir.png ... 
2020-10-05 17:36:08 +0000  45282 bytes for ./Payload/HabeshaFood.app/www/src/assets/img/EnqulalFirfir.png
2020-10-05 17:36:08 +0000  copying file ./Payload/HabeshaFood.app/www/src/assets/img/kitfo.png ... 
2020-10-05 17:36:08 +0000  213841 bytes for ./Payload/HabeshaFood.app/www/src/assets/img/kitfo.png
2020-10-05 17:36:08 +0000  copying file ./Payload/HabeshaFood.app/www/src/assets/img/senig-kariya.png ... 
2020-10-05 17:36:08 +0000  153193 bytes for ./Payload/HabeshaFood.app/www/src/assets/img/senig-kariya.png
2020-10-05 17:36:08 +0000  copying file ./Payload/HabeshaFood.app/Assets.car ... 
2020-10-05 17:36:08 +0000  346543 bytes for ./Payload/HabeshaFood.app/Assets.car
2020-10-05 17:36:08 +0000  copying file ./Payload/HabeshaFood.app/HabeshaFood ... 
2020-10-05 17:36:08 +0000  403280 bytes for ./Payload/HabeshaFood.app/HabeshaFood
2020-10-05 17:36:08 +0000  copying file ./Payload/HabeshaFood.app/AppIcon76x76@2x~ipad.png ... 
2020-10-05 17:36:08 +0000  28028 bytes for ./Payload/HabeshaFood.app/AppIcon76x76@2x~ipad.png
2020-10-05 17:36:08 +0000  copying file ./Payload/HabeshaFood.app/CDVLaunchScreen.storyboardc/01J-lp-oVM-view-Ze5-6b-2t3.nib/objects-13.0+.nib ... 
2020-10-05 17:36:08 +0000  2435 bytes for ./Payload/HabeshaFood.app/CDVLaunchScreen.storyboardc/01J-lp-oVM-view-Ze5-6b-2t3.nib/objects-13.0+.nib
copying file ./Payload/HabeshaFood.app/CDVLaunchScreen.storyboardc/01J-lp-oVM-view-Ze5-6b-2t3.nib/runtime.nib ... 
2020-10-05 17:36:08 +0000  2853 bytes for ./Payload/HabeshaFood.app/CDVLaunchScreen.storyboardc/01J-lp-oVM-view-Ze5-6b-2t3.nib/runtime.nib
2020-10-05 17:36:08 +0000  copying file ./Payload/HabeshaFood.app/CDVLaunchScreen.storyboardc/UIViewController-01J-lp-oVM.nib/objects-13.0+.nib ... 
2020-10-05 17:36:08 +0000  896 bytes for ./Payload/HabeshaFood.app/CDVLaunchScreen.storyboardc/UIViewController-01J-lp-oVM.nib/objects-13.0+.nib
copying file ./Payload/HabeshaFood.app/CDVLaunchScreen.storyboardc/UIViewController-01J-lp-oVM.nib/runtime.nib ... 
896 bytes for ./Payload/HabeshaFood.app/CDVLaunchScreen.storyboardc/UIViewController-01J-lp-oVM.nib/runtime.nib
2020-10-05 17:36:08 +0000  copying file ./Payload/HabeshaFood.app/CDVLaunchScreen.storyboardc/Info.plist ... 
258 bytes for ./Payload/HabeshaFood.app/CDVLaunchScreen.storyboardc/Info.plist
copying file ./Payload/HabeshaFood.app/embedded.mobileprovision ... 
2020-10-05 17:36:08 +0000  8978 bytes for ./Payload/HabeshaFood.app/embedded.mobileprovision
2020-10-05 17:36:08 +0000  copying file ./Payload/HabeshaFood.app/Info.plist ... 
1692 bytes for ./Payload/HabeshaFood.app/Info.plist
copying file ./Payload/HabeshaFood.app/PkgInfo ... 
2020-10-05 17:36:08 +0000  8 bytes for ./Payload/HabeshaFood.app/PkgInfo
2020-10-05 17:36:08 +0000 [MT] /usr/bin/ditto exited with 0
2020-10-05 17:36:08 +0000 [MT] Processing step: IDEDistributionAppStoreInformationStep
2020-10-05 17:36:08 +0000 [MT] Skipping step: IDEDistributionAppStoreInformationStep because it said so
2020-10-05 17:36:08 +0000 [MT] Processing step: IDEDistributionGenerateProcessedDistributionItems
2020-10-05 17:36:08 +0000 [MT] IDEDistributionItem init <DVTFilePath:0x7fa4fde38a30:'/var/folders/3h/fnlpfgqx1qz76120vmkppcdh0000gn/T/XcodeDistPipeline.~~~aXRi2a/Root/Payload/HabeshaFood.app'>
2020-10-05 17:36:08 +0000 [MT] Processing step: IDEDistributionCreateManifestStep
